<?xml version="1.0" encoding="UTF-8"?>
<!-- Generated by org.testng.reporters.JUnitReportReporter -->
<testsuite skipped="0" hostname="DESKTOP-F8HDI00" name="org.tool.Suite" tests="1" failures="0" timestamp="05 Apr 2021 09:00:35 GMT" time="6.051" errors="0">
  <testcase name="tc1" time="6.051" classname="org.tool.Suite"/>
</testsuite> <!-- org.tool.Suite -->
