<?xml version="1.0" encoding="UTF-8"?>
<!-- Generated by org.testng.reporters.JUnitReportReporter -->
<testsuite skipped="0" hostname="DESKTOP-F8HDI00" name="org.tool.Parallel2" tests="3" failures="0" timestamp="05 Apr 2021 10:55:51 GMT" time="0.012" errors="0">
  <testcase name="tc33" time="0.001" classname="org.tool.Parallel2"/>
  <testcase name="tc22" time="0.002" classname="org.tool.Parallel2"/>
  <testcase name="tc11" time="0.009" classname="org.tool.Parallel2"/>
</testsuite> <!-- org.tool.Parallel2 -->
