<?xml version="1.0" encoding="UTF-8"?>
<!-- Generated by org.testng.reporters.JUnitReportReporter -->
<testsuite skipped="0" hostname="DESKTOP-F8HDI00" name="org.tool.Test2" tests="7" failures="0" timestamp="05 Apr 2021 06:49:47 GMT" time="0.011" errors="0">
  <testcase name="tc1" time="0.007" classname="org.tool.Test2"/>
  <testcase name="tc3" time="0.001" classname="org.tool.Test2"/>
  <testcase name="tc4" time="0.001" classname="org.tool.Test2"/>
  <testcase name="tc2" time="0.000" classname="org.tool.Test2"/>
  <testcase name="tc2" time="0.001" classname="org.tool.Test2"/>
  <testcase name="tc2" time="0.000" classname="org.tool.Test2"/>
  <testcase name="tc2" time="0.001" classname="org.tool.Test2"/>
</testsuite> <!-- org.tool.Test2 -->
