<?xml version="1.0" encoding="UTF-8"?>
<!-- Generated by org.testng.reporters.JUnitReportReporter -->
<testsuite skipped="0" hostname="DESKTOP-F8HDI00" name="org.tool.Test1" tests="1" failures="0" timestamp="05 Apr 2021 06:52:49 GMT" time="0.163" errors="0">
  <testcase name="test" time="0.163" classname="org.tool.Test1"/>
</testsuite> <!-- org.tool.Test1 -->
