<?xml version="1.0" encoding="UTF-8"?>
<!-- Generated by org.testng.reporters.JUnitReportReporter -->
<testsuite skipped="0" hostname="DESKTOP-F8HDI00" name="org.tool.Suite1" tests="4" failures="0" timestamp="05 Apr 2021 09:49:20 GMT" time="14.779" errors="0">
  <testcase name="test1" time="3.444" classname="org.tool.Suite1"/>
  <testcase name="test1" time="3.804" classname="org.tool.Suite1"/>
  <testcase name="test1" time="4.187" classname="org.tool.Suite1"/>
  <testcase name="test1" time="3.344" classname="org.tool.Suite1"/>
</testsuite> <!-- org.tool.Suite1 -->
