<?xml version="1.0" encoding="UTF-8"?>
<!-- Generated by org.testng.reporters.JUnitReportReporter -->
<testsuite skipped="0" hostname="DESKTOP-F8HDI00" name="org.tool.Group3" tests="2" failures="0" timestamp="05 Apr 2021 10:17:08 GMT" time="0.002" errors="0">
  <testcase name="tc111" time="0.001" classname="org.tool.Group3"/>
  <testcase name="tc222" time="0.001" classname="org.tool.Group3"/>
</testsuite> <!-- org.tool.Group3 -->
