<?xml version="1.0" encoding="UTF-8"?>
<!-- Generated by org.testng.reporters.JUnitReportReporter -->
<testsuite skipped="0" hostname="DESKTOP-F8HDI00" name="org.tool.Parallel3" tests="3" failures="0" timestamp="05 Apr 2021 10:55:51 GMT" time="0.014" errors="0">
  <testcase name="tc111" time="0.009" classname="org.tool.Parallel3"/>
  <testcase name="tc222" time="0.004" classname="org.tool.Parallel3"/>
  <testcase name="tc333" time="0.001" classname="org.tool.Parallel3"/>
</testsuite> <!-- org.tool.Parallel3 -->
