<?xml version="1.0" encoding="UTF-8"?>
<!-- Generated by org.testng.reporters.JUnitReportReporter -->
<testsuite skipped="0" hostname="DESKTOP-F8HDI00" name="org.tool.Suite2" tests="4" failures="0" timestamp="05 Apr 2021 09:54:23 GMT" time="0.011" errors="0">
  <testcase name="test2" time="0.007" classname="org.tool.Suite2"/>
  <testcase name="test2" time="0.001" classname="org.tool.Suite2"/>
  <testcase name="test2" time="0.002" classname="org.tool.Suite2"/>
  <testcase name="test2" time="0.001" classname="org.tool.Suite2"/>
</testsuite> <!-- org.tool.Suite2 -->
