<?xml version="1.0" encoding="UTF-8"?>
<!-- Generated by org.testng.reporters.JUnitReportReporter -->
<testsuite skipped="0" hostname="DESKTOP-F8HDI00" name="org.tool.Suite3" tests="3" failures="0" timestamp="05 Apr 2021 07:16:28 GMT" time="0.002" errors="0">
  <testcase name="test33" time="0.001" classname="org.tool.Suite3"/>
  <testcase name="test333" time="0.000" classname="org.tool.Suite3"/>
  <testcase name="test3" time="0.001" classname="org.tool.Suite3"/>
</testsuite> <!-- org.tool.Suite3 -->
